C51 COMPILER V9.54   MAIN                                                                  05/15/2024 18:36:19 PAGE 1   


C51 COMPILER V9.54, COMPILATION OF MODULE MAIN
OBJECT MODULE PLACED IN main.OBJ
COMPILER INVOKED BY: D:\Program Files\keil5\C51\BIN\C51.EXE main.c OPTIMIZE(8,SPEED) BROWSE DEBUG OBJECTEXTEND TABS(2)

line level    source

   1          /**********************************************************************
   2          作者: 深圳小余电子  QQ：562409206   
   3          
   4          该例程是专门为淘宝信泰微店铺的压力传感器 调试的测试代码！
   5          
   6          转载请注明出处。
   7          
   8          ***********************************************************************/
   9          
  10          #include "main.h"
  11          #include "HX711.h"
  12          #include "LCD1602.h"
  13          #include "matrixkey.h"
  14          
  15          unsigned long HX711_Buffer = 0;
  16          unsigned long Weight_Maopi = 0;
  17          long Weight_Shiwu = 0;
  18          int cus_maopi = 0;
  19          float cali = 0.63;
  20          long dis;
  21          unsigned int price = 1;
  22          unsigned char num;
  23          unsigned int Count;
  24          unsigned int total_price = 0;
  25          unsigned char flag = 0;
  26          bit Flag_ERROR = 0;
  27          sbit speak= P1^7;
  28          
  29          //校准参数
  30          //因为不同的传感器特性曲线不是很一致，因此，每一个传感器需要矫正这里这个参数才能使测量值很准确。
  31          //当发现测试出来的重量偏大时，增加该数值。
  32          //如果测试出来的重量偏小时，减小改数值。
  33          //该值可以为小数
  34          //#define GapValue 100
  35          
  36          
  37          //****************************************************
  38          //主函数
  39          //****************************************************
  40          void main()
  41          {
  42   1        P1=0xf0;  
  43   1        /*这里为什么要给P1.0 1.1 1.2 1.3置0,因为这个开发板的液晶驱动和数码管驱动共用了,
  44   1        NPN三极管是高电平导通的,因为单片机的IO口默认开机都是1,为了给数码管断开,
  45   1        所以需要给数码管驱动手动置0. */
  46   1        Init_LCD1602();
  47   1        LCD1602_write_com(0x80);
  48   1        LCD1602_write_word("Welcome to use!");
  49   1        Delay_ms(1000);    //延时,等待传感器稳定
  50   1      
  51   1        Get_Maopi();        //称毛皮重量
  52   1        
  53   1        while(1)
  54   1        {
  55   2          EA = 0;
C51 COMPILER V9.54   MAIN                                                                  05/15/2024 18:36:19 PAGE 2   

  56   2          Get_Weight();     //称重
  57   2          EA = 1;
  58   2      
  59   2          //显示当前重量
  60   2          if( Flag_ERROR == 1){
  61   3              LCD1602_write_com(0x80+0x40);
  62   3            LCD1602_write_word("ERROR ");
  63   3            speak=0;
  64   3          }   
  65   2          else
  66   2          {         
  67   3            speak=1;
  68   3            LCD1602_write_com(0x80+0x40);
  69   3            if( Weight_Shiwu < 20)
  70   3              cali = 0.833;
  71   3            else if(Weight_Shiwu>20 && Weight_Shiwu<37)
  72   3              cali = 0.6896;
  73   3            else if(Weight_Shiwu>37&& Weight_Shiwu<53)
  74   3              cali = 0.6667;
  75   3            else if(Weight_Shiwu>53 && Weight_Shiwu<100)
  76   3              cali = 0.645;
  77   3            else if(Weight_Shiwu>100 && Weight_Shiwu<134)
  78   3              cali = 0.6352;
  79   3            else if(Weight_Shiwu>134 && Weight_Shiwu<150)
  80   3              cali = 0.6338;
  81   3            else if(Weight_Shiwu>150 && Weight_Shiwu<215)
  82   3              cali = 0.6270;
  83   3            else if(Weight_Shiwu>215 && Weight_Shiwu<441)
  84   3              cali = 0.625;
  85   3            else if(Weight_Shiwu>441)
  86   3              cali = 0.6216;
  87   3      
  88   3            Scan_Key();
  89   3      
  90   3            dis = price*(Weight_Shiwu*cali - cus_maopi) + total_price;
  91   3            if(dis < 0)
  92   3              dis = 0;
  93   3            else if(dis%10 <= 2)
  94   3              dis -= dis%10;
  95   3            else if(dis%10 >= 8)
  96   3              dis += (10-dis%10);
  97   3            LCD1602_write_data((dis)/1000 + 0X30);
  98   3                LCD1602_write_data((dis)%1000/100 + 0X30);
  99   3              LCD1602_write_data((dis)%100/10 + 0X30);
 100   3                LCD1602_write_data((dis)%10 + 0X30);
 101   3            LCD1602_write_word(" g");
 102   3          }
 103   2          //单价功能
 104   2          num=matrixkey();
 105   2          if(num==16){
 106   3            Delay_ms(100);
 107   3            Init_LCD1602();
 108   3            LCD1602_write_com(0x80);
 109   3            LCD1602_write_word("ENTER THE PRICE");
 110   3            num = 0;
 111   3            price = 0;
 112   3            while(1)
 113   3            {
 114   4              LCD1602_write_com(0x80+0x40);
 115   4              num=matrixkey();
 116   4              if(num)
 117   4                if(num<=10)           //如果s1-s10按下，输入价格
C51 COMPILER V9.54   MAIN                                                                  05/15/2024 18:36:19 PAGE 3   

 118   4                {
 119   5                  if(Count<4)         //输入次数小于4
 120   5                  {
 121   6                    price*=10;          //价格左移一位
 122   6                    price+=num%10;        //单价不超过4位
 123   6                    Count++;          //位数加一
 124   6                  }
 125   5                  LCD1602_write_data(price/1000 + 0X30);    //更新显示
 126   5                      LCD1602_write_data(price%1000/100 + 0X30);
 127   5                    LCD1602_write_data(price%100/10 + 0X30);
 128   5                      LCD1602_write_data(price%10 + 0X30);
 129   5                  LCD1602_write_word(" $"); 
 130   5                } 
 131   4                if(num==11)           //s11按下，取消
 132   4                {
 133   5                  price=0;          //价格清零
 134   5                  Count=0;          //计次清零
 135   5                  LCD1602_write_data(0 + 0X30);   //更新显示
 136   5                      LCD1602_write_data(0 + 0X30);
 137   5                    LCD1602_write_data(0 + 0X30);
 138   5                      LCD1602_write_data(0 + 0X30);
 139   5                  LCD1602_write_word(" $");
 140   5                }
 141   4                if(num == 12)           // s12按下，确认单价并计算
 142   4                {  
 143   5                  Init_LCD1602();
 144   5                  LCD1602_write_com(0x80);
 145   5                  LCD1602_write_word("Welcome to use!");
 146   5                  break;
 147   5                }
 148   4                if(num == 14)
 149   4                {       
 150   5                  total_price = price*(Weight_Shiwu*cali - cus_maopi);
 151   5                  price = 0;
 152   5                  Init_LCD1602();
 153   5                  LCD1602_write_com(0x80);
 154   5                  LCD1602_write_word("ENTER THE PRICE");
 155   5                }
 156   4            }
 157   3          }
 158   2          else if (num == 15){
 159   3            price = 1;
 160   3            total_price = 0;
 161   3          } 
 162   2        }
 163   1      }
 164          
 165          //扫描按键实现去皮功能
 166          void Scan_Key()
 167          {
 168   1        if(KEY1 == 0)
 169   1        {
 170   2          Delay_ms(5);
 171   2          if(KEY1 == 0){
 172   3            Delay_ms(50);
 173   3            cus_maopi = Weight_Shiwu*cali;    //去皮
 174   3            Delay_ms(500);
 175   3          } 
 176   2        }
 177   1      }
 178          
 179          //****************************************************
C51 COMPILER V9.54   MAIN                                                                  05/15/2024 18:36:19 PAGE 4   

 180          //称重
 181          //****************************************************
 182          void Get_Weight()
 183          {
 184   1        Weight_Shiwu = HX711_Read();
 185   1        Weight_Shiwu = Weight_Shiwu - Weight_Maopi;   //获取净重
 186   1        if(Weight_Shiwu > 0)      
 187   1        { 
 188   2          Weight_Shiwu = (unsigned int)((float)Weight_Shiwu/100);   //计算实物的实际重量
 189   2                                          
 190   2                                          
 191   2          /*if(Weight_Shiwu > 5000)   //超重报警
 192   2          {
 193   2            Flag_ERROR = 1; 
 194   2          }
 195   2          else
 196   2          {
 197   2            Flag_ERROR = 0;
 198   2          }*/
 199   2        }
 200   1        else
 201   1        {
 202   2          Weight_Shiwu = 0;
 203   2        //  Flag_ERROR = 1;       //负重报警
 204   2        }
 205   1        
 206   1      }
 207          
 208          //****************************************************
 209          //获取毛皮重量
 210          //****************************************************
 211          void Get_Maopi()
 212          {
 213   1        Weight_Maopi = HX711_Read();  
 214   1      } 
 215          
 216          //****************************************************
 217          //MS延时函数(12M晶振下测试)
 218          //****************************************************
 219          void Delay_ms(unsigned int n)
 220          {
 221   1        unsigned int  i,j;
 222   1        for(i=0;i<n;i++)
 223   1          for(j=0;j<123;j++);
 224   1      }


MODULE INFORMATION:   STATIC OVERLAYABLE
   CODE SIZE        =   1528    ----
   CONSTANT SIZE    =     45    ----
   XDATA SIZE       =   ----    ----
   PDATA SIZE       =   ----    ----
   DATA SIZE        =     30    ----
   IDATA SIZE       =   ----    ----
   BIT SIZE         =      1    ----
END OF MODULE INFORMATION.


C51 COMPILATION COMPLETE.  0 WARNING(S),  0 ERROR(S)
